# JRE version: Java(TM) SE Runtime Environment (8.0_05-b13) (build 1.8.0_05-b13)
# Java VM: Java HotSpot(TM) 64-Bit Server VM (25.5-b02 mixed mode windows-amd64 compressed oops)
Heap:
 PSYoungGen      total 5120K, used 2163K [0x00000000eb500000, 0x00000000ebd80000, 0x0000000100000000)
  eden space 4096K, 33% used [0x00000000eb500000,0x00000000eb65bf38,0x00000000eb900000)
  from space 1024K, 75% used [0x00000000eb900000,0x00000000eb9c0f08,0x00000000eba00000)
  to   space 1024K, 0% used [0x00000000ebc80000,0x00000000ebc80000,0x00000000ebd80000)
 ParOldGen       total 64000K, used 1159K [0x00000000c1e00000, 0x00000000c5c80000, 0x00000000eb500000)
  object space 64000K, 1% used [0x00000000c1e00000,0x00000000c1f21cf8,0x00000000c5c80000)
 Metaspace       used 6258K, capacity 6488K, committed 6784K, reserved 1056768K
  class space    used 776K, capacity 828K, committed 896K, reserved 1048576K
GC Heap History (10 events):
Event: 12.603 GC heap before
{Heap before GC invocations=5 (full 0):
 PSYoungGen      total 1536K, used 1520K [0x00000000eb500000, 0x00000000eb700000, 0x0000000100000000)
  eden space 1024K, 100% used [0x00000000eb500000,0x00000000eb600000,0x00000000eb600000)
  from space 512K, 96% used [0x00000000eb680000,0x00000000eb6fc010,0x00000000eb700000)
  to   space 512K, 0% used [0x00000000eb600000,0x00000000eb600000,0x00000000eb680000)
 ParOldGen       total 64000K, used 308K [0x00000000c1e00000, 0x00000000c5c80000, 0x00000000eb500000)
  object space 64000K, 0% used [0x00000000c1e00000,0x00000000c1e4d390,0x00000000c5c80000)
 Metaspace       used 4128K, capacity 5016K, committed 5120K, reserved 1056768K
  class space    used 457K, capacity 508K, committed 512K, reserved 1048576K
Event: 12.638 GC heap after
Heap after GC invocations=5 (full 0):
 PSYoungGen      total 1536K, used 512K [0x00000000eb500000, 0x00000000eb900000, 0x0000000100000000)
  eden space 1024K, 0% used [0x00000000eb500000,0x00000000eb500000,0x00000000eb600000)
  from space 512K, 100% used [0x00000000eb600000,0x00000000eb680000,0x00000000eb680000)
  to   space 1024K, 0% used [0x00000000eb800000,0x00000000eb800000,0x00000000eb900000)
 ParOldGen       total 64000K, used 611K [0x00000000c1e00000, 0x00000000c5c80000, 0x00000000eb500000)
  object space 64000K, 0% used [0x00000000c1e00000,0x00000000c1e98c98,0x00000000c5c80000)
 Metaspace       used 4128K, capacity 5016K, committed 5120K, reserved 1056768K
  class space    used 457K, capacity 508K, committed 512K, reserved 1048576K
}
Event: 13.172 GC heap before
{Heap before GC invocations=6 (full 0):
 PSYoungGen      total 1536K, used 1536K [0x00000000eb500000, 0x00000000eb900000, 0x0000000100000000)
  eden space 1024K, 100% used [0x00000000eb500000,0x00000000eb600000,0x00000000eb600000)
  from space 512K, 100% used [0x00000000eb600000,0x00000000eb680000,0x00000000eb680000)
  to   space 1024K, 0% used [0x00000000eb800000,0x00000000eb800000,0x00000000eb900000)
 ParOldGen       total 64000K, used 611K [0x00000000c1e00000, 0x00000000c5c80000, 0x00000000eb500000)
  object space 64000K, 0% used [0x00000000c1e00000,0x00000000c1e98c98,0x00000000c5c80000)
 Metaspace       used 4328K, capacity 5176K, committed 5504K, reserved 1056768K
  class space    used 483K, capacity 540K, committed 640K, reserved 1048576K
Event: 13.678 GC heap after
Heap after GC invocations=6 (full 0):
 PSYoungGen      total 3072K, used 723K [0x00000000eb500000, 0x00000000eb900000, 0x0000000100000000)
  eden space 2048K, 0% used [0x00000000eb500000,0x00000000eb500000,0x00000000eb700000)
  from space 1024K, 70% used [0x00000000eb800000,0x00000000eb8b4fe0,0x00000000eb900000)
  to   space 1024K, 0% used [0x00000000eb700000,0x00000000eb700000,0x00000000eb800000)
 ParOldGen       total 64000K, used 611K [0x00000000c1e00000, 0x00000000c5c80000, 0x00000000eb500000)
  object space 64000K, 0% used [0x00000000c1e00000,0x00000000c1e98c98,0x00000000c5c80000)
 Metaspace       used 4328K, capacity 5176K, committed 5504K, reserved 1056768K
  class space    used 483K, capacity 540K, committed 640K, reserved 1048576K
}
Event: 14.431 GC heap before
{Heap before GC invocations=7 (full 0):
 PSYoungGen      total 3072K, used 2771K [0x00000000eb500000, 0x00000000eb900000, 0x0000000100000000)
  eden space 2048K, 100% used [0x00000000eb500000,0x00000000eb700000,0x00000000eb700000)
  from space 1024K, 70% used [0x00000000eb800000,0x00000000eb8b4fe0,0x00000000eb900000)
  to   space 1024K, 0% used [0x00000000eb700000,0x00000000eb700000,0x00000000eb800000)
 ParOldGen       total 64000K, used 611K [0x00000000c1e00000, 0x00000000c5c80000, 0x00000000eb500000)
  object space 64000K, 0% used [0x00000000c1e00000,0x00000000c1e98c98,0x00000000c5c80000)
 Metaspace       used 4833K, capacity 5432K, committed 5504K, reserved 1056768K
  class space    used 556K, capacity 604K, committed 640K, reserved 1048576K
Event: 15.525 GC heap after
Heap after GC invocations=7 (full 0):
 PSYoungGen      total 3072K, used 637K [0x00000000eb500000, 0x00000000ebb00000, 0x0000000100000000)
  eden space 2048K, 0% used [0x00000000eb500000,0x00000000eb500000,0x00000000eb700000)
  from space 1024K, 62% used [0x00000000eb700000,0x00000000eb79f448,0x00000000eb800000)
  to   space 1024K, 0% used [0x00000000eba00000,0x00000000eba00000,0x00000000ebb00000)
 ParOldGen       total 64000K, used 903K [0x00000000c1e00000, 0x00000000c5c80000, 0x00000000eb500000)
  object space 64000K, 1% used [0x00000000c1e00000,0x00000000c1ee1cf8,0x00000000c5c80000)
 Metaspace       used 4833K, capacity 5432K, committed 5504K, reserved 1056768K
  class space    used 556K, capacity 604K, committed 640K, reserved 1048576K
}
Event: 18.873 GC heap before
{Heap before GC invocations=8 (full 0):
 PSYoungGen      total 3072K, used 2685K [0x00000000eb500000, 0x00000000ebb00000, 0x0000000100000000)
  eden space 2048K, 100% used [0x00000000eb500000,0x00000000eb700000,0x00000000eb700000)
  from space 1024K, 62% used [0x00000000eb700000,0x00000000eb79f448,0x00000000eb800000)
  to   space 1024K, 0% used [0x00000000eba00000,0x00000000eba00000,0x00000000ebb00000)
 ParOldGen       total 64000K, used 903K [0x00000000c1e00000, 0x00000000c5c80000, 0x00000000eb500000)
  object space 64000K, 1% used [0x00000000c1e00000,0x00000000c1ee1cf8,0x00000000c5c80000)
 Metaspace       used 5199K, capacity 5816K, committed 6144K, reserved 1056768K
  class space    used 609K, capacity 668K, committed 768K, reserved 1048576K
Event: 19.497 GC heap after
Heap after GC invocations=8 (full 0):
 PSYoungGen      total 5120K, used 692K [0x00000000eb500000, 0x00000000ebb00000, 0x0000000100000000)
  eden space 4096K, 0% used [0x00000000eb500000,0x00000000eb500000,0x00000000eb900000)
  from space 1024K, 67% used [0x00000000eba00000,0x00000000ebaad258,0x00000000ebb00000)
  to   space 1024K, 0% used [0x00000000eb900000,0x00000000eb900000,0x00000000eba00000)
 ParOldGen       total 64000K, used 999K [0x00000000c1e00000, 0x00000000c5c80000, 0x00000000eb500000)
  object space 64000K, 1% used [0x00000000c1e00000,0x00000000c1ef9cf8,0x00000000c5c80000)
 Metaspace       used 5199K, capacity 5816K, committed 6144K, reserved 1056768K
  class space    used 609K, capacity 668K, committed 768K, reserved 1048576K
}
Event: 31.757 GC heap before
{Heap before GC invocations=9 (full 0):
 PSYoungGen      total 5120K, used 4788K [0x00000000eb500000, 0x00000000ebb00000, 0x0000000100000000)
  eden space 4096K, 100% used [0x00000000eb500000,0x00000000eb900000,0x00000000eb900000)
  from space 1024K, 67% used [0x00000000eba00000,0x00000000ebaad258,0x00000000ebb00000)
  to   space 1024K, 0% used [0x00000000eb900000,0x00000000eb900000,0x00000000eba00000)
 ParOldGen       total 64000K, used 999K [0x00000000c1e00000, 0x00000000c5c80000, 0x00000000eb500000)
  object space 64000K, 1% used [0x00000000c1e00000,0x00000000c1ef9cf8,0x00000000c5c80000)
 Metaspace       used 6057K, capacity 6360K, committed 6528K, reserved 1056768K
  class space    used 750K, capacity 828K, committed 896K, reserved 1048576K
Event: 31.827 GC heap after
Heap after GC invocations=9 (full 0):
 PSYoungGen      total 5120K, used 771K [0x00000000eb500000, 0x00000000ebd80000, 0x0000000100000000)
  eden space 4096K, 0% used [0x00000000eb500000,0x00000000eb500000,0x00000000eb900000)
  from space 1024K, 75% used [0x00000000eb900000,0x00000000eb9c0f08,0x00000000eba00000)
  to   space 1024K, 0% used [0x00000000ebc80000,0x00000000ebc80000,0x00000000ebd80000)
 ParOldGen       total 64000K, used 1159K [0x00000000c1e00000, 0x00000000c5c80000, 0x00000000eb500000)
  object space 64000K, 1% used [0x00000000c1e00000,0x00000000c1f21cf8,0x00000000c5c80000)
 Metaspace       used 6057K, capacity 6360K, committed 6528K, reserved 1056768K
  class space    used 750K, capacity 828K, committed 896K, reserved 1048576K
}

