# JRE version: Java(TM) SE Runtime Environment (8.0_05-b13) (build 1.8.0_05-b13)
# Java VM: Java HotSpot(TM) 64-Bit Server VM (25.5-b02 mixed mode windows-amd64 compressed oops)
Heap:
 PSYoungGen      total 5120K, used 3927K [0x00000000eb500000, 0x00000000ebd80000, 0x0000000100000000)
  eden space 4096K, 74% used [0x00000000eb500000,0x00000000eb7fa7c8,0x00000000eb900000)
  from space 1024K, 85% used [0x00000000eb900000,0x00000000eb9db588,0x00000000eba00000)
  to   space 1024K, 0% used [0x00000000ebc80000,0x00000000ebc80000,0x00000000ebd80000)
 ParOldGen       total 64000K, used 1228K [0x00000000c1e00000, 0x00000000c5c80000, 0x00000000eb500000)
  object space 64000K, 1% used [0x00000000c1e00000,0x00000000c1f33368,0x00000000c5c80000)
 Metaspace       used 6532K, capacity 6712K, committed 6784K, reserved 1056768K
  class space    used 806K, capacity 860K, committed 896K, reserved 1048576K
GC Heap History (10 events):
Event: 12.269 GC heap before
{Heap before GC invocations=5 (full 0):
 PSYoungGen      total 1536K, used 1524K [0x00000000eb500000, 0x00000000eb700000, 0x0000000100000000)
  eden space 1024K, 100% used [0x00000000eb500000,0x00000000eb600000,0x00000000eb600000)
  from space 512K, 97% used [0x00000000eb680000,0x00000000eb6fd0c8,0x00000000eb700000)
  to   space 512K, 0% used [0x00000000eb600000,0x00000000eb600000,0x00000000eb680000)
 ParOldGen       total 64000K, used 371K [0x00000000c1e00000, 0x00000000c5c80000, 0x00000000eb500000)
  object space 64000K, 0% used [0x00000000c1e00000,0x00000000c1e5cf78,0x00000000c5c80000)
 Metaspace       used 4123K, capacity 5016K, committed 5120K, reserved 1056768K
  class space    used 456K, capacity 508K, committed 512K, reserved 1048576K
Event: 12.373 GC heap after
Heap after GC invocations=5 (full 0):
 PSYoungGen      total 1536K, used 512K [0x00000000eb500000, 0x00000000eb900000, 0x0000000100000000)
  eden space 1024K, 0% used [0x00000000eb500000,0x00000000eb500000,0x00000000eb600000)
  from space 512K, 100% used [0x00000000eb600000,0x00000000eb680000,0x00000000eb680000)
  to   space 1024K, 0% used [0x00000000eb800000,0x00000000eb800000,0x00000000eb900000)
 ParOldGen       total 64000K, used 648K [0x00000000c1e00000, 0x00000000c5c80000, 0x00000000eb500000)
  object space 64000K, 1% used [0x00000000c1e00000,0x00000000c1ea2280,0x00000000c5c80000)
 Metaspace       used 4123K, capacity 5016K, committed 5120K, reserved 1056768K
  class space    used 456K, capacity 508K, committed 512K, reserved 1048576K
}
Event: 13.258 GC heap before
{Heap before GC invocations=6 (full 0):
 PSYoungGen      total 1536K, used 1536K [0x00000000eb500000, 0x00000000eb900000, 0x0000000100000000)
  eden space 1024K, 100% used [0x00000000eb500000,0x00000000eb600000,0x00000000eb600000)
  from space 512K, 100% used [0x00000000eb600000,0x00000000eb680000,0x00000000eb680000)
  to   space 1024K, 0% used [0x00000000eb800000,0x00000000eb800000,0x00000000eb900000)
 ParOldGen       total 64000K, used 648K [0x00000000c1e00000, 0x00000000c5c80000, 0x00000000eb500000)
  object space 64000K, 1% used [0x00000000c1e00000,0x00000000c1ea2280,0x00000000c5c80000)
 Metaspace       used 4330K, capacity 5176K, committed 5504K, reserved 1056768K
  class space    used 483K, capacity 540K, committed 640K, reserved 1048576K
Event: 13.263 GC heap after
Heap after GC invocations=6 (full 0):
 PSYoungGen      total 3072K, used 753K [0x00000000eb500000, 0x00000000eb900000, 0x0000000100000000)
  eden space 2048K, 0% used [0x00000000eb500000,0x00000000eb500000,0x00000000eb700000)
  from space 1024K, 73% used [0x00000000eb800000,0x00000000eb8bc550,0x00000000eb900000)
  to   space 1024K, 0% used [0x00000000eb700000,0x00000000eb700000,0x00000000eb800000)
 ParOldGen       total 64000K, used 648K [0x00000000c1e00000, 0x00000000c5c80000, 0x00000000eb500000)
  object space 64000K, 1% used [0x00000000c1e00000,0x00000000c1ea2280,0x00000000c5c80000)
 Metaspace       used 4330K, capacity 5176K, committed 5504K, reserved 1056768K
  class space    used 483K, capacity 540K, committed 640K, reserved 1048576K
}
Event: 16.161 GC heap before
{Heap before GC invocations=7 (full 0):
 PSYoungGen      total 3072K, used 2801K [0x00000000eb500000, 0x00000000eb900000, 0x0000000100000000)
  eden space 2048K, 100% used [0x00000000eb500000,0x00000000eb700000,0x00000000eb700000)
  from space 1024K, 73% used [0x00000000eb800000,0x00000000eb8bc550,0x00000000eb900000)
  to   space 1024K, 0% used [0x00000000eb700000,0x00000000eb700000,0x00000000eb800000)
 ParOldGen       total 64000K, used 648K [0x00000000c1e00000, 0x00000000c5c80000, 0x00000000eb500000)
  object space 64000K, 1% used [0x00000000c1e00000,0x00000000c1ea2280,0x00000000c5c80000)
 Metaspace       used 4837K, capacity 5432K, committed 5504K, reserved 1056768K
  class space    used 555K, capacity 604K, committed 640K, reserved 1048576K
Event: 16.183 GC heap after
Heap after GC invocations=7 (full 0):
 PSYoungGen      total 3072K, used 657K [0x00000000eb500000, 0x00000000ebb00000, 0x0000000100000000)
  eden space 2048K, 0% used [0x00000000eb500000,0x00000000eb500000,0x00000000eb700000)
  from space 1024K, 64% used [0x00000000eb700000,0x00000000eb7a4510,0x00000000eb800000)
  to   space 1024K, 0% used [0x00000000eba00000,0x00000000eba00000,0x00000000ebb00000)
 ParOldGen       total 64000K, used 976K [0x00000000c1e00000, 0x00000000c5c80000, 0x00000000eb500000)
  object space 64000K, 1% used [0x00000000c1e00000,0x00000000c1ef42a0,0x00000000c5c80000)
 Metaspace       used 4837K, capacity 5432K, committed 5504K, reserved 1056768K
  class space    used 555K, capacity 604K, committed 640K, reserved 1048576K
}
Event: 19.713 GC heap before
{Heap before GC invocations=8 (full 0):
 PSYoungGen      total 3072K, used 2705K [0x00000000eb500000, 0x00000000ebb00000, 0x0000000100000000)
  eden space 2048K, 100% used [0x00000000eb500000,0x00000000eb700000,0x00000000eb700000)
  from space 1024K, 64% used [0x00000000eb700000,0x00000000eb7a4510,0x00000000eb800000)
  to   space 1024K, 0% used [0x00000000eba00000,0x00000000eba00000,0x00000000ebb00000)
 ParOldGen       total 64000K, used 976K [0x00000000c1e00000, 0x00000000c5c80000, 0x00000000eb500000)
  object space 64000K, 1% used [0x00000000c1e00000,0x00000000c1ef42a0,0x00000000c5c80000)
 Metaspace       used 5214K, capacity 5752K, committed 5888K, reserved 1056768K
  class space    used 609K, capacity 668K, committed 768K, reserved 1048576K
Event: 19.778 GC heap after
Heap after GC invocations=8 (full 0):
 PSYoungGen      total 5120K, used 640K [0x00000000eb500000, 0x00000000ebb00000, 0x0000000100000000)
  eden space 4096K, 0% used [0x00000000eb500000,0x00000000eb500000,0x00000000eb900000)
  from space 1024K, 62% used [0x00000000eba00000,0x00000000ebaa0000,0x00000000ebb00000)
  to   space 1024K, 0% used [0x00000000eb900000,0x00000000eb900000,0x00000000eba00000)
 ParOldGen       total 64000K, used 1084K [0x00000000c1e00000, 0x00000000c5c80000, 0x00000000eb500000)
  object space 64000K, 1% used [0x00000000c1e00000,0x00000000c1f0f368,0x00000000c5c80000)
 Metaspace       used 5214K, capacity 5752K, committed 5888K, reserved 1056768K
  class space    used 609K, capacity 668K, committed 768K, reserved 1048576K
}
Event: 23.333 GC heap before
{Heap before GC invocations=9 (full 0):
 PSYoungGen      total 5120K, used 4736K [0x00000000eb500000, 0x00000000ebb00000, 0x0000000100000000)
  eden space 4096K, 100% used [0x00000000eb500000,0x00000000eb900000,0x00000000eb900000)
  from space 1024K, 62% used [0x00000000eba00000,0x00000000ebaa0000,0x00000000ebb00000)
  to   space 1024K, 0% used [0x00000000eb900000,0x00000000eb900000,0x00000000eba00000)
 ParOldGen       total 64000K, used 1084K [0x00000000c1e00000, 0x00000000c5c80000, 0x00000000eb500000)
  object space 64000K, 1% used [0x00000000c1e00000,0x00000000c1f0f368,0x00000000c5c80000)
 Metaspace       used 6079K, capacity 6360K, committed 6528K, reserved 1056768K
  class space    used 750K, capacity 828K, committed 896K, reserved 1048576K
Event: 23.366 GC heap after
Heap after GC invocations=9 (full 0):
 PSYoungGen      total 5120K, used 877K [0x00000000eb500000, 0x00000000ebd80000, 0x0000000100000000)
  eden space 4096K, 0% used [0x00000000eb500000,0x00000000eb500000,0x00000000eb900000)
  from space 1024K, 85% used [0x00000000eb900000,0x00000000eb9db588,0x00000000eba00000)
  to   space 1024K, 0% used [0x00000000ebc80000,0x00000000ebc80000,0x00000000ebd80000)
 ParOldGen       total 64000K, used 1228K [0x00000000c1e00000, 0x00000000c5c80000, 0x00000000eb500000)
  object space 64000K, 1% used [0x00000000c1e00000,0x00000000c1f33368,0x00000000c5c80000)
 Metaspace       used 6079K, capacity 6360K, committed 6528K, reserved 1056768K
  class space    used 750K, capacity 828K, committed 896K, reserved 1048576K
}

