# JRE version: Java(TM) SE Runtime Environment (8.0_05-b13) (build 1.8.0_05-b13)
# Java VM: Java HotSpot(TM) 64-Bit Server VM (25.5-b02 mixed mode windows-amd64 compressed oops)
Heap:
 PSYoungGen      total 4608K, used 720K [0x00000000eb500000, 0x00000000eba80000, 0x0000000100000000)
  eden space 3584K, 5% used [0x00000000eb500000,0x00000000eb5328c0,0x00000000eb880000)
  from space 1024K, 50% used [0x00000000eb980000,0x00000000eba01af8,0x00000000eba80000)
  to   space 1024K, 0% used [0x00000000eb880000,0x00000000eb880000,0x00000000eb980000)
 ParOldGen       total 64000K, used 1220K [0x00000000c1e00000, 0x00000000c5c80000, 0x00000000eb500000)
  object space 64000K, 1% used [0x00000000c1e00000,0x00000000c1f31338,0x00000000c5c80000)
 Metaspace       used 5382K, capacity 5912K, committed 6144K, reserved 1056768K
  class space    used 638K, capacity 700K, committed 768K, reserved 1048576K
GC Heap History (10 events):
Event: 10.133 GC heap before
{Heap before GC invocations=6 (full 0):
 PSYoungGen      total 1024K, used 1008K [0x00000000eb500000, 0x00000000eb800000, 0x0000000100000000)
  eden space 512K, 100% used [0x00000000eb500000,0x00000000eb580000,0x00000000eb580000)
  from space 512K, 96% used [0x00000000eb580000,0x00000000eb5fc010,0x00000000eb600000)
  to   space 1024K, 0% used [0x00000000eb700000,0x00000000eb700000,0x00000000eb800000)
 ParOldGen       total 64000K, used 476K [0x00000000c1e00000, 0x00000000c5c80000, 0x00000000eb500000)
  object space 64000K, 0% used [0x00000000c1e00000,0x00000000c1e772f8,0x00000000c5c80000)
 Metaspace       used 4125K, capacity 5016K, committed 5120K, reserved 1056768K
  class space    used 456K, capacity 508K, committed 512K, reserved 1048576K
Event: 10.212 GC heap after
Heap after GC invocations=6 (full 0):
 PSYoungGen      total 2048K, used 672K [0x00000000eb500000, 0x00000000eb800000, 0x0000000100000000)
  eden space 1024K, 0% used [0x00000000eb500000,0x00000000eb500000,0x00000000eb600000)
  from space 1024K, 65% used [0x00000000eb700000,0x00000000eb7a8020,0x00000000eb800000)
  to   space 1024K, 0% used [0x00000000eb600000,0x00000000eb600000,0x00000000eb700000)
 ParOldGen       total 64000K, used 476K [0x00000000c1e00000, 0x00000000c5c80000, 0x00000000eb500000)
  object space 64000K, 0% used [0x00000000c1e00000,0x00000000c1e772f8,0x00000000c5c80000)
 Metaspace       used 4125K, capacity 5016K, committed 5120K, reserved 1056768K
  class space    used 456K, capacity 508K, committed 512K, reserved 1048576K
}
Event: 11.165 GC heap before
{Heap before GC invocations=7 (full 0):
 PSYoungGen      total 2048K, used 1696K [0x00000000eb500000, 0x00000000eb800000, 0x0000000100000000)
  eden space 1024K, 100% used [0x00000000eb500000,0x00000000eb600000,0x00000000eb600000)
  from space 1024K, 65% used [0x00000000eb700000,0x00000000eb7a8020,0x00000000eb800000)
  to   space 1024K, 0% used [0x00000000eb600000,0x00000000eb600000,0x00000000eb700000)
 ParOldGen       total 64000K, used 476K [0x00000000c1e00000, 0x00000000c5c80000, 0x00000000eb500000)
  object space 64000K, 0% used [0x00000000c1e00000,0x00000000c1e772f8,0x00000000c5c80000)
 Metaspace       used 4327K, capacity 5176K, committed 5504K, reserved 1056768K
  class space    used 483K, capacity 540K, committed 640K, reserved 1048576K
Event: 11.209 GC heap after
Heap after GC invocations=7 (full 0):
 PSYoungGen      total 2048K, used 531K [0x00000000eb500000, 0x00000000eb900000, 0x0000000100000000)
  eden space 1024K, 0% used [0x00000000eb500000,0x00000000eb500000,0x00000000eb600000)
  from space 1024K, 51% used [0x00000000eb600000,0x00000000eb684fe0,0x00000000eb700000)
  to   space 1024K, 0% used [0x00000000eb800000,0x00000000eb800000,0x00000000eb900000)
 ParOldGen       total 64000K, used 836K [0x00000000c1e00000, 0x00000000c5c80000, 0x00000000eb500000)
  object space 64000K, 1% used [0x00000000c1e00000,0x00000000c1ed1338,0x00000000c5c80000)
 Metaspace       used 4327K, capacity 5176K, committed 5504K, reserved 1056768K
  class space    used 483K, capacity 540K, committed 640K, reserved 1048576K
}
Event: 11.700 GC heap before
{Heap before GC invocations=8 (full 0):
 PSYoungGen      total 2048K, used 1555K [0x00000000eb500000, 0x00000000eb900000, 0x0000000100000000)
  eden space 1024K, 100% used [0x00000000eb500000,0x00000000eb600000,0x00000000eb600000)
  from space 1024K, 51% used [0x00000000eb600000,0x00000000eb684fe0,0x00000000eb700000)
  to   space 1024K, 0% used [0x00000000eb800000,0x00000000eb800000,0x00000000eb900000)
 ParOldGen       total 64000K, used 836K [0x00000000c1e00000, 0x00000000c5c80000, 0x00000000eb500000)
  object space 64000K, 1% used [0x00000000c1e00000,0x00000000c1ed1338,0x00000000c5c80000)
 Metaspace       used 4457K, capacity 5240K, committed 5504K, reserved 1056768K
  class space    used 506K, capacity 540K, committed 640K, reserved 1048576K
Event: 11.741 GC heap after
Heap after GC invocations=8 (full 0):
 PSYoungGen      total 3072K, used 416K [0x00000000eb500000, 0x00000000eb900000, 0x0000000100000000)
  eden space 2048K, 0% used [0x00000000eb500000,0x00000000eb500000,0x00000000eb700000)
  from space 1024K, 40% used [0x00000000eb800000,0x00000000eb868000,0x00000000eb900000)
  to   space 1024K, 0% used [0x00000000eb700000,0x00000000eb700000,0x00000000eb800000)
 ParOldGen       total 64000K, used 932K [0x00000000c1e00000, 0x00000000c5c80000, 0x00000000eb500000)
  object space 64000K, 1% used [0x00000000c1e00000,0x00000000c1ee9338,0x00000000c5c80000)
 Metaspace       used 4457K, capacity 5240K, committed 5504K, reserved 1056768K
  class space    used 506K, capacity 540K, committed 640K, reserved 1048576K
}
Event: 19.121 GC heap before
{Heap before GC invocations=9 (full 0):
 PSYoungGen      total 3072K, used 2464K [0x00000000eb500000, 0x00000000eb900000, 0x0000000100000000)
  eden space 2048K, 100% used [0x00000000eb500000,0x00000000eb700000,0x00000000eb700000)
  from space 1024K, 40% used [0x00000000eb800000,0x00000000eb868000,0x00000000eb900000)
  to   space 1024K, 0% used [0x00000000eb700000,0x00000000eb700000,0x00000000eb800000)
 ParOldGen       total 64000K, used 932K [0x00000000c1e00000, 0x00000000c5c80000, 0x00000000eb500000)
  object space 64000K, 1% used [0x00000000c1e00000,0x00000000c1ee9338,0x00000000c5c80000)
 Metaspace       used 5014K, capacity 5592K, committed 5760K, reserved 1056768K
  class space    used 585K, capacity 636K, committed 640K, reserved 1048576K
Event: 20.472 GC heap after
Heap after GC invocations=9 (full 0):
 PSYoungGen      total 3072K, used 573K [0x00000000eb500000, 0x00000000eba80000, 0x0000000100000000)
  eden space 2048K, 0% used [0x00000000eb500000,0x00000000eb500000,0x00000000eb700000)
  from space 1024K, 55% used [0x00000000eb700000,0x00000000eb78f448,0x00000000eb800000)
  to   space 1024K, 0% used [0x00000000eb980000,0x00000000eb980000,0x00000000eba80000)
 ParOldGen       total 64000K, used 1140K [0x00000000c1e00000, 0x00000000c5c80000, 0x00000000eb500000)
  object space 64000K, 1% used [0x00000000c1e00000,0x00000000c1f1d338,0x00000000c5c80000)
 Metaspace       used 5014K, capacity 5592K, committed 5760K, reserved 1056768K
  class space    used 585K, capacity 636K, committed 640K, reserved 1048576K
}
Event: 24.975 GC heap before
{Heap before GC invocations=10 (full 0):
 PSYoungGen      total 3072K, used 2621K [0x00000000eb500000, 0x00000000eba80000, 0x0000000100000000)
  eden space 2048K, 100% used [0x00000000eb500000,0x00000000eb700000,0x00000000eb700000)
  from space 1024K, 55% used [0x00000000eb700000,0x00000000eb78f448,0x00000000eb800000)
  to   space 1024K, 0% used [0x00000000eb980000,0x00000000eb980000,0x00000000eba80000)
 ParOldGen       total 64000K, used 1140K [0x00000000c1e00000, 0x00000000c5c80000, 0x00000000eb500000)
  object space 64000K, 1% used [0x00000000c1e00000,0x00000000c1f1d338,0x00000000c5c80000)
 Metaspace       used 5359K, capacity 5880K, committed 6144K, reserved 1056768K
  class space    used 633K, capacity 668K, committed 768K, reserved 1048576K
Event: 26.969 GC heap after
Heap after GC invocations=10 (full 0):
 PSYoungGen      total 4608K, used 518K [0x00000000eb500000, 0x00000000eba80000, 0x0000000100000000)
  eden space 3584K, 0% used [0x00000000eb500000,0x00000000eb500000,0x00000000eb880000)
  from space 1024K, 50% used [0x00000000eb980000,0x00000000eba01af8,0x00000000eba80000)
  to   space 1024K, 0% used [0x00000000eb880000,0x00000000eb880000,0x00000000eb980000)
 ParOldGen       total 64000K, used 1220K [0x00000000c1e00000, 0x00000000c5c80000, 0x00000000eb500000)
  object space 64000K, 1% used [0x00000000c1e00000,0x00000000c1f31338,0x00000000c5c80000)
 Metaspace       used 5359K, capacity 5880K, committed 6144K, reserved 1056768K
  class space    used 633K, capacity 668K, committed 768K, reserved 1048576K
}

