# JRE version: Java(TM) SE Runtime Environment (8.0_05-b13) (build 1.8.0_05-b13)
# Java VM: Java HotSpot(TM) 64-Bit Server VM (25.5-b02 mixed mode windows-amd64 compressed oops)
Heap:
 PSYoungGen      total 5120K, used 1868K [0x00000000eb500000, 0x00000000ebb00000, 0x0000000100000000)
  eden space 4096K, 28% used [0x00000000eb500000,0x00000000eb623078,0x00000000eb900000)
  from space 1024K, 68% used [0x00000000eba00000,0x00000000ebab0000,0x00000000ebb00000)
  to   space 1024K, 0% used [0x00000000eb900000,0x00000000eb900000,0x00000000eba00000)
 ParOldGen       total 64000K, used 1051K [0x00000000c1e00000, 0x00000000c5c80000, 0x00000000eb500000)
  object space 64000K, 1% used [0x00000000c1e00000,0x00000000c1f06e70,0x00000000c5c80000)
 Metaspace       used 5389K, capacity 5976K, committed 6144K, reserved 1056768K
  class space    used 637K, capacity 700K, committed 768K, reserved 1048576K
GC Heap History (10 events):
Event: 8.966 GC heap before
{Heap before GC invocations=4 (full 0):
 PSYoungGen      total 1024K, used 1024K [0x00000000eb500000, 0x00000000eb700000, 0x0000000100000000)
  eden space 512K, 100% used [0x00000000eb500000,0x00000000eb580000,0x00000000eb580000)
  from space 512K, 100% used [0x00000000eb580000,0x00000000eb600000,0x00000000eb600000)
  to   space 512K, 0% used [0x00000000eb680000,0x00000000eb680000,0x00000000eb700000)
 ParOldGen       total 64000K, used 165K [0x00000000c1e00000, 0x00000000c5c80000, 0x00000000eb500000)
  object space 64000K, 0% used [0x00000000c1e00000,0x00000000c1e296b8,0x00000000c5c80000)
 Metaspace       used 3222K, capacity 4772K, committed 4864K, reserved 1056768K
  class space    used 349K, capacity 464K, committed 512K, reserved 1048576K
Event: 8.979 GC heap after
Heap after GC invocations=4 (full 0):
 PSYoungGen      total 1536K, used 496K [0x00000000eb500000, 0x00000000eb700000, 0x0000000100000000)
  eden space 1024K, 0% used [0x00000000eb500000,0x00000000eb500000,0x00000000eb600000)
  from space 512K, 96% used [0x00000000eb680000,0x00000000eb6fc010,0x00000000eb700000)
  to   space 512K, 0% used [0x00000000eb600000,0x00000000eb600000,0x00000000eb680000)
 ParOldGen       total 64000K, used 316K [0x00000000c1e00000, 0x00000000c5c80000, 0x00000000eb500000)
  object space 64000K, 0% used [0x00000000c1e00000,0x00000000c1e4f3a0,0x00000000c5c80000)
 Metaspace       used 3222K, capacity 4772K, committed 4864K, reserved 1056768K
  class space    used 349K, capacity 464K, committed 512K, reserved 1048576K
}
Event: 11.205 GC heap before
{Heap before GC invocations=5 (full 0):
 PSYoungGen      total 1536K, used 1520K [0x00000000eb500000, 0x00000000eb700000, 0x0000000100000000)
  eden space 1024K, 100% used [0x00000000eb500000,0x00000000eb600000,0x00000000eb600000)
  from space 512K, 96% used [0x00000000eb680000,0x00000000eb6fc010,0x00000000eb700000)
  to   space 512K, 0% used [0x00000000eb600000,0x00000000eb600000,0x00000000eb680000)
 ParOldGen       total 64000K, used 316K [0x00000000c1e00000, 0x00000000c5c80000, 0x00000000eb500000)
  object space 64000K, 0% used [0x00000000c1e00000,0x00000000c1e4f3a0,0x00000000c5c80000)
 Metaspace       used 4120K, capacity 5016K, committed 5120K, reserved 1056768K
  class space    used 456K, capacity 508K, committed 512K, reserved 1048576K
Event: 11.336 GC heap after
Heap after GC invocations=5 (full 0):
 PSYoungGen      total 1536K, used 512K [0x00000000eb500000, 0x00000000eb900000, 0x0000000100000000)
  eden space 1024K, 0% used [0x00000000eb500000,0x00000000eb500000,0x00000000eb600000)
  from space 512K, 100% used [0x00000000eb600000,0x00000000eb680000,0x00000000eb680000)
  to   space 1024K, 0% used [0x00000000eb800000,0x00000000eb800000,0x00000000eb900000)
 ParOldGen       total 64000K, used 611K [0x00000000c1e00000, 0x00000000c5c80000, 0x00000000eb500000)
  object space 64000K, 0% used [0x00000000c1e00000,0x00000000c1e98e50,0x00000000c5c80000)
 Metaspace       used 4120K, capacity 5016K, committed 5120K, reserved 1056768K
  class space    used 456K, capacity 508K, committed 512K, reserved 1048576K
}
Event: 12.519 GC heap before
{Heap before GC invocations=6 (full 0):
 PSYoungGen      total 1536K, used 1536K [0x00000000eb500000, 0x00000000eb900000, 0x0000000100000000)
  eden space 1024K, 100% used [0x00000000eb500000,0x00000000eb600000,0x00000000eb600000)
  from space 512K, 100% used [0x00000000eb600000,0x00000000eb680000,0x00000000eb680000)
  to   space 1024K, 0% used [0x00000000eb800000,0x00000000eb800000,0x00000000eb900000)
 ParOldGen       total 64000K, used 611K [0x00000000c1e00000, 0x00000000c5c80000, 0x00000000eb500000)
  object space 64000K, 0% used [0x00000000c1e00000,0x00000000c1e98e50,0x00000000c5c80000)
 Metaspace       used 4333K, capacity 5176K, committed 5504K, reserved 1056768K
  class space    used 483K, capacity 540K, committed 640K, reserved 1048576K
Event: 12.539 GC heap after
Heap after GC invocations=6 (full 0):
 PSYoungGen      total 3072K, used 685K [0x00000000eb500000, 0x00000000eb900000, 0x0000000100000000)
  eden space 2048K, 0% used [0x00000000eb500000,0x00000000eb500000,0x00000000eb700000)
  from space 1024K, 66% used [0x00000000eb800000,0x00000000eb8ab478,0x00000000eb900000)
  to   space 1024K, 0% used [0x00000000eb700000,0x00000000eb700000,0x00000000eb800000)
 ParOldGen       total 64000K, used 611K [0x00000000c1e00000, 0x00000000c5c80000, 0x00000000eb500000)
  object space 64000K, 0% used [0x00000000c1e00000,0x00000000c1e98e50,0x00000000c5c80000)
 Metaspace       used 4333K, capacity 5176K, committed 5504K, reserved 1056768K
  class space    used 483K, capacity 540K, committed 640K, reserved 1048576K
}
Event: 16.765 GC heap before
{Heap before GC invocations=7 (full 0):
 PSYoungGen      total 3072K, used 2733K [0x00000000eb500000, 0x00000000eb900000, 0x0000000100000000)
  eden space 2048K, 100% used [0x00000000eb500000,0x00000000eb700000,0x00000000eb700000)
  from space 1024K, 66% used [0x00000000eb800000,0x00000000eb8ab478,0x00000000eb900000)
  to   space 1024K, 0% used [0x00000000eb700000,0x00000000eb700000,0x00000000eb800000)
 ParOldGen       total 64000K, used 611K [0x00000000c1e00000, 0x00000000c5c80000, 0x00000000eb500000)
  object space 64000K, 0% used [0x00000000c1e00000,0x00000000c1e98e50,0x00000000c5c80000)
 Metaspace       used 4837K, capacity 5432K, committed 5504K, reserved 1056768K
  class space    used 556K, capacity 604K, committed 640K, reserved 1048576K
Event: 16.905 GC heap after
Heap after GC invocations=7 (full 0):
 PSYoungGen      total 3072K, used 605K [0x00000000eb500000, 0x00000000ebb00000, 0x0000000100000000)
  eden space 2048K, 0% used [0x00000000eb500000,0x00000000eb500000,0x00000000eb700000)
  from space 1024K, 59% used [0x00000000eb700000,0x00000000eb797448,0x00000000eb800000)
  to   space 1024K, 0% used [0x00000000eba00000,0x00000000eba00000,0x00000000ebb00000)
 ParOldGen       total 64000K, used 947K [0x00000000c1e00000, 0x00000000c5c80000, 0x00000000eb500000)
  object space 64000K, 1% used [0x00000000c1e00000,0x00000000c1eece70,0x00000000c5c80000)
 Metaspace       used 4837K, capacity 5432K, committed 5504K, reserved 1056768K
  class space    used 556K, capacity 604K, committed 640K, reserved 1048576K
}
Event: 22.534 GC heap before
{Heap before GC invocations=8 (full 0):
 PSYoungGen      total 3072K, used 2653K [0x00000000eb500000, 0x00000000ebb00000, 0x0000000100000000)
  eden space 2048K, 100% used [0x00000000eb500000,0x00000000eb700000,0x00000000eb700000)
  from space 1024K, 59% used [0x00000000eb700000,0x00000000eb797448,0x00000000eb800000)
  to   space 1024K, 0% used [0x00000000eba00000,0x00000000eba00000,0x00000000ebb00000)
 ParOldGen       total 64000K, used 947K [0x00000000c1e00000, 0x00000000c5c80000, 0x00000000eb500000)
  object space 64000K, 1% used [0x00000000c1e00000,0x00000000c1eece70,0x00000000c5c80000)
 Metaspace       used 5209K, capacity 5816K, committed 6144K, reserved 1056768K
  class space    used 609K, capacity 668K, committed 768K, reserved 1048576K
Event: 22.587 GC heap after
Heap after GC invocations=8 (full 0):
 PSYoungGen      total 5120K, used 704K [0x00000000eb500000, 0x00000000ebb00000, 0x0000000100000000)
  eden space 4096K, 0% used [0x00000000eb500000,0x00000000eb500000,0x00000000eb900000)
  from space 1024K, 68% used [0x00000000eba00000,0x00000000ebab0000,0x00000000ebb00000)
  to   space 1024K, 0% used [0x00000000eb900000,0x00000000eb900000,0x00000000eba00000)
 ParOldGen       total 64000K, used 1051K [0x00000000c1e00000, 0x00000000c5c80000, 0x00000000eb500000)
  object space 64000K, 1% used [0x00000000c1e00000,0x00000000c1f06e70,0x00000000c5c80000)
 Metaspace       used 5209K, capacity 5816K, committed 6144K, reserved 1056768K
  class space    used 609K, capacity 668K, committed 768K, reserved 1048576K
}

