# JRE version: Java(TM) SE Runtime Environment (8.0_05-b13) (build 1.8.0_05-b13)
# Java VM: Java HotSpot(TM) 64-Bit Server VM (25.5-b02 mixed mode windows-amd64 compressed oops)
Heap:
 PSYoungGen      total 4608K, used 1774K [0x00000000eb500000, 0x00000000ebd00000, 0x0000000100000000)
  eden space 3584K, 32% used [0x00000000eb500000,0x00000000eb6212f0,0x00000000eb880000)
  from space 1024K, 60% used [0x00000000eb880000,0x00000000eb91a800,0x00000000eb980000)
  to   space 1024K, 0% used [0x00000000ebc00000,0x00000000ebc00000,0x00000000ebd00000)
 ParOldGen       total 64000K, used 1305K [0x00000000c1e00000, 0x00000000c5c80000, 0x00000000eb500000)
  object space 64000K, 2% used [0x00000000c1e00000,0x00000000c1f466b8,0x00000000c5c80000)
 Metaspace       used 6261K, capacity 6488K, committed 6784K, reserved 1056768K
  class space    used 779K, capacity 828K, committed 896K, reserved 1048576K
GC Heap History (10 events):
Event: 10.659 GC heap before
{Heap before GC invocations=7 (full 0):
 PSYoungGen      total 2048K, used 1728K [0x00000000eb500000, 0x00000000eb800000, 0x0000000100000000)
  eden space 1024K, 100% used [0x00000000eb500000,0x00000000eb600000,0x00000000eb600000)
  from space 1024K, 68% used [0x00000000eb700000,0x00000000eb7b0020,0x00000000eb800000)
  to   space 1024K, 0% used [0x00000000eb600000,0x00000000eb600000,0x00000000eb700000)
 ParOldGen       total 64000K, used 449K [0x00000000c1e00000, 0x00000000c5c80000, 0x00000000eb500000)
  object space 64000K, 0% used [0x00000000c1e00000,0x00000000c1e70648,0x00000000c5c80000)
 Metaspace       used 4328K, capacity 5176K, committed 5504K, reserved 1056768K
  class space    used 483K, capacity 540K, committed 640K, reserved 1048576K
Event: 10.915 GC heap after
Heap after GC invocations=7 (full 0):
 PSYoungGen      total 2048K, used 499K [0x00000000eb500000, 0x00000000eb900000, 0x0000000100000000)
  eden space 1024K, 0% used [0x00000000eb500000,0x00000000eb500000,0x00000000eb600000)
  from space 1024K, 48% used [0x00000000eb600000,0x00000000eb67cfe0,0x00000000eb700000)
  to   space 1024K, 0% used [0x00000000eb800000,0x00000000eb800000,0x00000000eb900000)
 ParOldGen       total 64000K, used 817K [0x00000000c1e00000, 0x00000000c5c80000, 0x00000000eb500000)
  object space 64000K, 1% used [0x00000000c1e00000,0x00000000c1ecc698,0x00000000c5c80000)
 Metaspace       used 4328K, capacity 5176K, committed 5504K, reserved 1056768K
  class space    used 483K, capacity 540K, committed 640K, reserved 1048576K
}
Event: 11.473 GC heap before
{Heap before GC invocations=8 (full 0):
 PSYoungGen      total 2048K, used 1523K [0x00000000eb500000, 0x00000000eb900000, 0x0000000100000000)
  eden space 1024K, 100% used [0x00000000eb500000,0x00000000eb600000,0x00000000eb600000)
  from space 1024K, 48% used [0x00000000eb600000,0x00000000eb67cfe0,0x00000000eb700000)
  to   space 1024K, 0% used [0x00000000eb800000,0x00000000eb800000,0x00000000eb900000)
 ParOldGen       total 64000K, used 817K [0x00000000c1e00000, 0x00000000c5c80000, 0x00000000eb500000)
  object space 64000K, 1% used [0x00000000c1e00000,0x00000000c1ecc698,0x00000000c5c80000)
 Metaspace       used 4450K, capacity 5240K, committed 5504K, reserved 1056768K
  class space    used 506K, capacity 540K, committed 640K, reserved 1048576K
Event: 11.474 GC heap after
Heap after GC invocations=8 (full 0):
 PSYoungGen      total 3072K, used 480K [0x00000000eb500000, 0x00000000eb900000, 0x0000000100000000)
  eden space 2048K, 0% used [0x00000000eb500000,0x00000000eb500000,0x00000000eb700000)
  from space 1024K, 46% used [0x00000000eb800000,0x00000000eb878000,0x00000000eb900000)
  to   space 1024K, 0% used [0x00000000eb700000,0x00000000eb700000,0x00000000eb800000)
 ParOldGen       total 64000K, used 921K [0x00000000c1e00000, 0x00000000c5c80000, 0x00000000eb500000)
  object space 64000K, 1% used [0x00000000c1e00000,0x00000000c1ee6698,0x00000000c5c80000)
 Metaspace       used 4450K, capacity 5240K, committed 5504K, reserved 1056768K
  class space    used 506K, capacity 540K, committed 640K, reserved 1048576K
}
Event: 16.020 GC heap before
{Heap before GC invocations=9 (full 0):
 PSYoungGen      total 3072K, used 2528K [0x00000000eb500000, 0x00000000eb900000, 0x0000000100000000)
  eden space 2048K, 100% used [0x00000000eb500000,0x00000000eb700000,0x00000000eb700000)
  from space 1024K, 46% used [0x00000000eb800000,0x00000000eb878000,0x00000000eb900000)
  to   space 1024K, 0% used [0x00000000eb700000,0x00000000eb700000,0x00000000eb800000)
 ParOldGen       total 64000K, used 921K [0x00000000c1e00000, 0x00000000c5c80000, 0x00000000eb500000)
  object space 64000K, 1% used [0x00000000c1e00000,0x00000000c1ee6698,0x00000000c5c80000)
 Metaspace       used 5017K, capacity 5592K, committed 5760K, reserved 1056768K
  class space    used 585K, capacity 636K, committed 640K, reserved 1048576K
Event: 16.024 GC heap after
Heap after GC invocations=9 (full 0):
 PSYoungGen      total 3072K, used 480K [0x00000000eb500000, 0x00000000eba80000, 0x0000000100000000)
  eden space 2048K, 0% used [0x00000000eb500000,0x00000000eb500000,0x00000000eb700000)
  from space 1024K, 46% used [0x00000000eb700000,0x00000000eb778000,0x00000000eb800000)
  to   space 1024K, 0% used [0x00000000eb980000,0x00000000eb980000,0x00000000eba80000)
 ParOldGen       total 64000K, used 1129K [0x00000000c1e00000, 0x00000000c5c80000, 0x00000000eb500000)
  object space 64000K, 1% used [0x00000000c1e00000,0x00000000c1f1a698,0x00000000c5c80000)
 Metaspace       used 5017K, capacity 5592K, committed 5760K, reserved 1056768K
  class space    used 585K, capacity 636K, committed 640K, reserved 1048576K
}
Event: 17.946 GC heap before
{Heap before GC invocations=10 (full 0):
 PSYoungGen      total 3072K, used 2528K [0x00000000eb500000, 0x00000000eba80000, 0x0000000100000000)
  eden space 2048K, 100% used [0x00000000eb500000,0x00000000eb700000,0x00000000eb700000)
  from space 1024K, 46% used [0x00000000eb700000,0x00000000eb778000,0x00000000eb800000)
  to   space 1024K, 0% used [0x00000000eb980000,0x00000000eb980000,0x00000000eba80000)
 ParOldGen       total 64000K, used 1129K [0x00000000c1e00000, 0x00000000c5c80000, 0x00000000eb500000)
  object space 64000K, 1% used [0x00000000c1e00000,0x00000000c1f1a698,0x00000000c5c80000)
 Metaspace       used 5356K, capacity 5912K, committed 6144K, reserved 1056768K
  class space    used 635K, capacity 700K, committed 768K, reserved 1048576K
Event: 17.976 GC heap after
Heap after GC invocations=10 (full 0):
 PSYoungGen      total 4608K, used 467K [0x00000000eb500000, 0x00000000eba80000, 0x0000000100000000)
  eden space 3584K, 0% used [0x00000000eb500000,0x00000000eb500000,0x00000000eb880000)
  from space 1024K, 45% used [0x00000000eb980000,0x00000000eb9f4e80,0x00000000eba80000)
  to   space 1024K, 0% used [0x00000000eb880000,0x00000000eb880000,0x00000000eb980000)
 ParOldGen       total 64000K, used 1201K [0x00000000c1e00000, 0x00000000c5c80000, 0x00000000eb500000)
  object space 64000K, 1% used [0x00000000c1e00000,0x00000000c1f2c698,0x00000000c5c80000)
 Metaspace       used 5356K, capacity 5912K, committed 6144K, reserved 1056768K
  class space    used 635K, capacity 700K, committed 768K, reserved 1048576K
}
Event: 23.164 GC heap before
{Heap before GC invocations=11 (full 0):
 PSYoungGen      total 4608K, used 4051K [0x00000000eb500000, 0x00000000eba80000, 0x0000000100000000)
  eden space 3584K, 100% used [0x00000000eb500000,0x00000000eb880000,0x00000000eb880000)
  from space 1024K, 45% used [0x00000000eb980000,0x00000000eb9f4e80,0x00000000eba80000)
  to   space 1024K, 0% used [0x00000000eb880000,0x00000000eb880000,0x00000000eb980000)
 ParOldGen       total 64000K, used 1201K [0x00000000c1e00000, 0x00000000c5c80000, 0x00000000eb500000)
  object space 64000K, 1% used [0x00000000c1e00000,0x00000000c1f2c698,0x00000000c5c80000)
 Metaspace       used 6128K, capacity 6360K, committed 6528K, reserved 1056768K
  class space    used 763K, capacity 828K, committed 896K, reserved 1048576K
Event: 23.200 GC heap after
Heap after GC invocations=11 (full 0):
 PSYoungGen      total 4608K, used 618K [0x00000000eb500000, 0x00000000ebd00000, 0x0000000100000000)
  eden space 3584K, 0% used [0x00000000eb500000,0x00000000eb500000,0x00000000eb880000)
  from space 1024K, 60% used [0x00000000eb880000,0x00000000eb91a800,0x00000000eb980000)
  to   space 1024K, 0% used [0x00000000ebc00000,0x00000000ebc00000,0x00000000ebd00000)
 ParOldGen       total 64000K, used 1305K [0x00000000c1e00000, 0x00000000c5c80000, 0x00000000eb500000)
  object space 64000K, 2% used [0x00000000c1e00000,0x00000000c1f466b8,0x00000000c5c80000)
 Metaspace       used 6128K, capacity 6360K, committed 6528K, reserved 1056768K
  class space    used 763K, capacity 828K, committed 896K, reserved 1048576K
}

